<?xml version="1.0" encoding="UTF-8"?>
<testsuite xmlns:xsi="http://www.w3.org/2001/XMLSchema-instance" xsi:noNamespaceSchemaLocation="https://maven.apache.org/surefire/maven-surefire-plugin/xsd/surefire-test-report-3.0.xsd" version="3.0" name="listaDeTarefas.main.MainTest" time="0.014" tests="1" errors="0" skipped="0" failures="1">
  <properties>
[...]
</properties>
  <testcase name="listarTarefas" classname="listaDeTarefas.main.MainTest" time="0.007">
    <failure type="org.opentest4j.AssertionFailedError"><![CDATA[org.opentest4j.AssertionFailedError: 
expected: <[Nome: Comprar
Prioridade: Baixa
Estado da tarefa: false, Nome: Estudar
Prioridade: Alta
Estado da tarefa: false]> but was: <[Nome: Estudar, Estado da tarefa: false, Prioridade: Alta, Estado da tarefa: false, Nome: Comprar, Prioridade: Baixa]>
	at listaDeTarefas.main.MainTest.listarTarefas(MainTest.java:53)
]]></failure>
  </testcase>
</testsuite>